<?xml version="1.0" encoding="UTF-8"?>
<!-- Generated by org.testng.reporters.JUnitReportReporter -->
<testsuite skipped="0" hostname="DESKTOP-RN29D3H" name="org.very.CreateAccout" tests="3" failures="0" timestamp="26 Sep 2022 16:42:56 GMT" time="39.128" errors="0">
  <testcase name="createNewAcc" time="39.112" classname="org.very.CreateAccout"/>
  <testcase name="registerBtn" time="0.000" classname="org.very.CreateAccout"/>
  <testcase name="fillAndClick" time="0.016" classname="org.very.CreateAccout"/>
</testsuite> <!-- org.very.CreateAccout -->
